c:\users\user\documents\dev\isaac-sim-ext\omp-vive-ctrl\dll\open_manipulator_p\x64\release\open_manipulator_p.pch
c:\users\user\documents\dev\isaac-sim-ext\omp-vive-ctrl\dll\open_manipulator_p\x64\release\open_manipulator_p.pdb
c:\users\user\documents\dev\isaac-sim-ext\omp-vive-ctrl\dll\open_manipulator_p\x64\release\pch.obj
c:\users\user\documents\dev\isaac-sim-ext\omp-vive-ctrl\dll\open_manipulator_p\x64\release\robotis_manipulator_trajectory_generator.obj
c:\users\user\documents\dev\isaac-sim-ext\omp-vive-ctrl\dll\open_manipulator_p\x64\release\robotis_manipulator_math.obj
c:\users\user\documents\dev\isaac-sim-ext\omp-vive-ctrl\dll\open_manipulator_p\x64\release\robotis_manipulator_manager.obj
c:\users\user\documents\dev\isaac-sim-ext\omp-vive-ctrl\dll\open_manipulator_p\x64\release\robotis_manipulator_log.obj
c:\users\user\documents\dev\isaac-sim-ext\omp-vive-ctrl\dll\open_manipulator_p\x64\release\robotis_manipulator_common.obj
c:\users\user\documents\dev\isaac-sim-ext\omp-vive-ctrl\dll\open_manipulator_p\x64\release\robotis_manipulator.obj
c:\users\user\documents\dev\isaac-sim-ext\omp-vive-ctrl\dll\open_manipulator_p\x64\release\open_manipulator_p.obj
c:\users\user\documents\dev\isaac-sim-ext\omp-vive-ctrl\dll\open_manipulator_p\x64\release\kinematics.obj
c:\users\user\documents\dev\isaac-sim-ext\omp-vive-ctrl\dll\open_manipulator_p\x64\release\dynamixel_workbench.obj
c:\users\user\documents\dev\isaac-sim-ext\omp-vive-ctrl\dll\open_manipulator_p\x64\release\dynamixel_tool.obj
c:\users\user\documents\dev\isaac-sim-ext\omp-vive-ctrl\dll\open_manipulator_p\x64\release\dynamixel_item.obj
c:\users\user\documents\dev\isaac-sim-ext\omp-vive-ctrl\dll\open_manipulator_p\x64\release\dynamixel_driver.obj
c:\users\user\documents\dev\isaac-sim-ext\omp-vive-ctrl\dll\open_manipulator_p\x64\release\dynamixel.obj
c:\users\user\documents\dev\isaac-sim-ext\omp-vive-ctrl\dll\open_manipulator_p\x64\release\custom_trajectory.obj
c:\users\user\documents\dev\isaac-sim-ext\omp-vive-ctrl\dll\x64\release\open_manipulator_p.lib
c:\users\user\documents\dev\isaac-sim-ext\omp-vive-ctrl\dll\open_manipulator_p\x64\release\open_man.1060ed21.tlog\cl.command.1.tlog
c:\users\user\documents\dev\isaac-sim-ext\omp-vive-ctrl\dll\open_manipulator_p\x64\release\open_man.1060ed21.tlog\cl.read.1.tlog
c:\users\user\documents\dev\isaac-sim-ext\omp-vive-ctrl\dll\open_manipulator_p\x64\release\open_man.1060ed21.tlog\cl.write.1.tlog
c:\users\user\documents\dev\isaac-sim-ext\omp-vive-ctrl\dll\open_manipulator_p\x64\release\open_man.1060ed21.tlog\lib-link.read.1.tlog
c:\users\user\documents\dev\isaac-sim-ext\omp-vive-ctrl\dll\open_manipulator_p\x64\release\open_man.1060ed21.tlog\lib-link.write.1.tlog
c:\users\user\documents\dev\isaac-sim-ext\omp-vive-ctrl\dll\open_manipulator_p\x64\release\open_man.1060ed21.tlog\lib.command.1.tlog
